<?xml version="1.0" encoding="UTF-8"?>
<testsuite xmlns:xsi="http://www.w3.org/2001/XMLSchema-instance" xsi:noNamespaceSchemaLocation="https://maven.apache.org/surefire/maven-surefire-plugin/xsd/surefire-test-report-3.0.xsd" version="3.0" name="com.hurecom.hurecomcustomersupportrest.HurecomCustomerSupportRestApplicationTests" time="8.093" tests="1" errors="0" skipped="0" failures="0">
  <properties>
[...]
</properties>
  <testcase name="contextLoads" classname="com.hurecom.hurecomcustomersupportrest.HurecomCustomerSupportRestApplicationTests" time="0.629">
    <system-out><![CDATA[11:33:25.108 [main] INFO org.springframework.test.context.support.AnnotationConfigContextLoaderUtils -- Could not detect default configuration classes for test class [com.hurecom.hurecomcustomersupportrest.HurecomCustomerSupportRestApplicationTests]: HurecomCustomerSupportRestApplicationTests does not declare any static, non-private, non-final, nested classes annotated with @Configuration.
11:33:25.280 [main] INFO org.springframework.boot.test.context.SpringBootTestContextBootstrapper -- Found @SpringBootConfiguration com.hurecom.HurecomCustomerSupportRestApplication for test class com.hurecom.hurecomcustomersupportrest.HurecomCustomerSupportRestApplicationTests

  .   ____          _            __ _ _
 /\\ / ___'_ __ _ _(_)_ __  __ _ \ \ \ \
( ( )\___ | '_ | '_| | '_ \/ _` | \ \ \ \
 \\/  ___)| |_)| | | | | || (_| |  ) ) ) )
  '  |____| .__|_| |_|_| |_\__, | / / / /
 =========|_|==============|___/=/_/_/_/
 :: Spring Boot ::                (v3.1.0)

2023-09-28T11:33:25.926+05:30  INFO 4264 --- [           main] recomCustomerSupportRestApplicationTests : Starting HurecomCustomerSupportRestApplicationTests using Java 17.0.7 with PID 4264 (started by admin in E:\hurecom-customer-support-rest)
2023-09-28T11:33:25.929+05:30  INFO 4264 --- [           main] recomCustomerSupportRestApplicationTests : No active profile set, falling back to 1 default profile: "default"
2023-09-28T11:33:26.981+05:30  INFO 4264 --- [           main] .s.d.r.c.RepositoryConfigurationDelegate : Bootstrapping Spring Data JPA repositories in DEFAULT mode.
2023-09-28T11:33:27.113+05:30  INFO 4264 --- [           main] .s.d.r.c.RepositoryConfigurationDelegate : Finished Spring Data repository scanning in 116 ms. Found 3 JPA repository interfaces.
2023-09-28T11:33:27.828+05:30  INFO 4264 --- [           main] o.hibernate.jpa.internal.util.LogHelper  : HHH000204: Processing PersistenceUnitInfo [name: default]
2023-09-28T11:33:27.933+05:30  INFO 4264 --- [           main] org.hibernate.Version                    : HHH000412: Hibernate ORM core version 6.2.2.Final
2023-09-28T11:33:27.936+05:30  INFO 4264 --- [           main] org.hibernate.cfg.Environment            : HHH000406: Using bytecode reflection optimizer
2023-09-28T11:33:28.241+05:30  INFO 4264 --- [           main] o.h.b.i.BytecodeProviderInitiator        : HHH000021: Bytecode provider name : bytebuddy
2023-09-28T11:33:28.468+05:30  INFO 4264 --- [           main] o.s.o.j.p.SpringPersistenceUnitInfo      : No LoadTimeWeaver setup: ignoring JPA class transformer
2023-09-28T11:33:28.498+05:30  INFO 4264 --- [           main] com.zaxxer.hikari.HikariDataSource       : HikariPool-1 - Starting...
2023-09-28T11:33:29.386+05:30  INFO 4264 --- [           main] com.zaxxer.hikari.pool.HikariPool        : HikariPool-1 - Added connection com.mysql.cj.jdbc.ConnectionImpl@4d4df0f4
2023-09-28T11:33:29.391+05:30  INFO 4264 --- [           main] com.zaxxer.hikari.HikariDataSource       : HikariPool-1 - Start completed.
2023-09-28T11:33:29.542+05:30  INFO 4264 --- [           main] org.hibernate.orm.dialect                : HHH035001: Using dialect: org.hibernate.dialect.MySQLDialect, version: 8.0.31
2023-09-28T11:33:29.943+05:30  INFO 4264 --- [           main] o.h.b.i.BytecodeProviderInitiator        : HHH000021: Bytecode provider name : bytebuddy
2023-09-28T11:33:30.751+05:30  INFO 4264 --- [           main] o.h.e.t.j.p.i.JtaPlatformInitiator       : HHH000490: Using JtaPlatform implementation: [org.hibernate.engine.transaction.jta.platform.internal.NoJtaPlatform]
2023-09-28T11:33:31.134+05:30  INFO 4264 --- [           main] j.LocalContainerEntityManagerFactoryBean : Initialized JPA EntityManagerFactory for persistence unit 'default'
2023-09-28T11:33:31.493+05:30  INFO 4264 --- [           main] o.s.d.j.r.query.QueryEnhancerFactory     : Hibernate is in classpath; If applicable, HQL parser will be used.
2023-09-28T11:33:31.826+05:30  WARN 4264 --- [           main] JpaBaseConfiguration$JpaWebConfiguration : spring.jpa.open-in-view is enabled by default. Therefore, database queries may be performed during view rendering. Explicitly configure spring.jpa.open-in-view to disable this warning
2023-09-28T11:33:32.299+05:30  INFO 4264 --- [           main] recomCustomerSupportRestApplicationTests : Started HurecomCustomerSupportRestApplicationTests in 6.758 seconds (process running for 8.133)
]]></system-out>
  </testcase>
</testsuite>